<?xml version="1.0" encoding="UTF-8"?>
<testsuite name="ebooking.cinema.CinemaApplicationTests" tests="1" skipped="0" failures="0" errors="0" timestamp="2018-11-16T19:38:55" hostname="Tripps-MacBook-Pro.local" time="0.245">
  <properties/>
  <testcase name="contextLoads" classname="ebooking.cinema.CinemaApplicationTests" time="0.245"/>
  <system-out><![CDATA[14:38:52.517 [Test worker] DEBUG org.springframework.test.context.junit4.SpringJUnit4ClassRunner - SpringJUnit4ClassRunner constructor called with [class ebooking.cinema.CinemaApplicationTests]
14:38:52.527 [Test worker] DEBUG org.springframework.test.context.BootstrapUtils - Instantiating CacheAwareContextLoaderDelegate from class [org.springframework.test.context.cache.DefaultCacheAwareContextLoaderDelegate]
14:38:52.537 [Test worker] DEBUG org.springframework.test.context.BootstrapUtils - Instantiating BootstrapContext using constructor [public org.springframework.test.context.support.DefaultBootstrapContext(java.lang.Class,org.springframework.test.context.CacheAwareContextLoaderDelegate)]
14:38:52.558 [Test worker] DEBUG org.springframework.test.context.BootstrapUtils - Instantiating TestContextBootstrapper for test class [ebooking.cinema.CinemaApplicationTests] from class [org.springframework.boot.test.context.SpringBootTestContextBootstrapper]
14:38:52.570 [Test worker] INFO org.springframework.boot.test.context.SpringBootTestContextBootstrapper - Neither @ContextConfiguration nor @ContextHierarchy found for test class [ebooking.cinema.CinemaApplicationTests], using SpringBootContextLoader
14:38:52.573 [Test worker] DEBUG org.springframework.test.context.support.AbstractContextLoader - Did not detect default resource location for test class [ebooking.cinema.CinemaApplicationTests]: class path resource [ebooking/cinema/CinemaApplicationTests-context.xml] does not exist
14:38:52.574 [Test worker] DEBUG org.springframework.test.context.support.AbstractContextLoader - Did not detect default resource location for test class [ebooking.cinema.CinemaApplicationTests]: class path resource [ebooking/cinema/CinemaApplicationTestsContext.groovy] does not exist
14:38:52.574 [Test worker] INFO org.springframework.test.context.support.AbstractContextLoader - Could not detect default resource locations for test class [ebooking.cinema.CinemaApplicationTests]: no resource found for suffixes {-context.xml, Context.groovy}.
14:38:52.575 [Test worker] INFO org.springframework.test.context.support.AnnotationConfigContextLoaderUtils - Could not detect default configuration classes for test class [ebooking.cinema.CinemaApplicationTests]: CinemaApplicationTests does not declare any static, non-private, non-final, nested classes annotated with @Configuration.
14:38:52.609 [Test worker] DEBUG org.springframework.test.context.support.ActiveProfilesUtils - Could not find an 'annotation declaring class' for annotation type [org.springframework.test.context.ActiveProfiles] and class [ebooking.cinema.CinemaApplicationTests]
14:38:52.687 [Test worker] DEBUG org.springframework.context.annotation.ClassPathScanningCandidateComponentProvider - Identified candidate component class: file [/Users/tripp/Documents/GitHub/Software-Engineering-Project/build/classes/java/main/ebooking/cinema/CinemaApplication.class]
14:38:52.701 [Test worker] INFO org.springframework.boot.test.context.SpringBootTestContextBootstrapper - Found @SpringBootConfiguration ebooking.cinema.CinemaApplication for test class ebooking.cinema.CinemaApplicationTests
14:38:52.817 [Test worker] DEBUG org.springframework.boot.test.context.SpringBootTestContextBootstrapper - @TestExecutionListeners is not present for class [ebooking.cinema.CinemaApplicationTests]: using defaults.
14:38:52.818 [Test worker] INFO org.springframework.boot.test.context.SpringBootTestContextBootstrapper - Loaded default TestExecutionListener class names from location [META-INF/spring.factories]: [org.springframework.boot.test.autoconfigure.restdocs.RestDocsTestExecutionListener, org.springframework.boot.test.autoconfigure.web.client.MockRestServiceServerResetTestExecutionListener, org.springframework.boot.test.autoconfigure.web.servlet.MockMvcPrintOnlyOnFailureTestExecutionListener, org.springframework.boot.test.autoconfigure.web.servlet.WebDriverTestExecutionListener, org.springframework.boot.test.mock.mockito.MockitoTestExecutionListener, org.springframework.boot.test.mock.mockito.ResetMocksTestExecutionListener, org.springframework.test.context.web.ServletTestExecutionListener, org.springframework.test.context.support.DirtiesContextBeforeModesTestExecutionListener, org.springframework.test.context.support.DependencyInjectionTestExecutionListener, org.springframework.test.context.support.DirtiesContextTestExecutionListener, org.springframework.test.context.transaction.TransactionalTestExecutionListener, org.springframework.test.context.jdbc.SqlScriptsTestExecutionListener]
14:38:52.829 [Test worker] DEBUG org.springframework.boot.test.context.SpringBootTestContextBootstrapper - Skipping candidate TestExecutionListener [org.springframework.test.context.transaction.TransactionalTestExecutionListener] due to a missing dependency. Specify custom listener classes or make the default listener classes and their required dependencies available. Offending class: [org/springframework/transaction/interceptor/TransactionAttributeSource]
14:38:52.830 [Test worker] DEBUG org.springframework.boot.test.context.SpringBootTestContextBootstrapper - Skipping candidate TestExecutionListener [org.springframework.test.context.jdbc.SqlScriptsTestExecutionListener] due to a missing dependency. Specify custom listener classes or make the default listener classes and their required dependencies available. Offending class: [org/springframework/transaction/interceptor/TransactionAttribute]
14:38:52.830 [Test worker] INFO org.springframework.boot.test.context.SpringBootTestContextBootstrapper - Using TestExecutionListeners: [org.springframework.test.context.web.ServletTestExecutionListener@4650f199, org.springframework.test.context.support.DirtiesContextBeforeModesTestExecutionListener@61441e90, org.springframework.boot.test.mock.mockito.MockitoTestExecutionListener@35bef721, org.springframework.boot.test.autoconfigure.SpringBootDependencyInjectionTestExecutionListener@78191d7b, org.springframework.test.context.support.DirtiesContextTestExecutionListener@3984e7d8, org.springframework.boot.test.autoconfigure.restdocs.RestDocsTestExecutionListener@78f5dee6, org.springframework.boot.test.autoconfigure.web.client.MockRestServiceServerResetTestExecutionListener@3a302926, org.springframework.boot.test.autoconfigure.web.servlet.MockMvcPrintOnlyOnFailureTestExecutionListener@af209de, org.springframework.boot.test.autoconfigure.web.servlet.WebDriverTestExecutionListener@14d6857f, org.springframework.boot.test.mock.mockito.ResetMocksTestExecutionListener@42026bed]
14:38:52.832 [Test worker] DEBUG org.springframework.test.annotation.ProfileValueUtils - Retrieved @ProfileValueSourceConfiguration [null] for test class [ebooking.cinema.CinemaApplicationTests]
14:38:52.833 [Test worker] DEBUG org.springframework.test.annotation.ProfileValueUtils - Retrieved ProfileValueSource type [class org.springframework.test.annotation.SystemProfileValueSource] for class [ebooking.cinema.CinemaApplicationTests]
14:38:52.833 [Test worker] DEBUG org.springframework.test.annotation.ProfileValueUtils - Retrieved @ProfileValueSourceConfiguration [null] for test class [ebooking.cinema.CinemaApplicationTests]
14:38:52.834 [Test worker] DEBUG org.springframework.test.annotation.ProfileValueUtils - Retrieved ProfileValueSource type [class org.springframework.test.annotation.SystemProfileValueSource] for class [ebooking.cinema.CinemaApplicationTests]
14:38:52.837 [Test worker] DEBUG org.springframework.test.context.support.AbstractDirtiesContextTestExecutionListener - Before test class: context [DefaultTestContext@1d5c5ce3 testClass = CinemaApplicationTests, testInstance = [null], testMethod = [null], testException = [null], mergedContextConfiguration = [WebMergedContextConfiguration@102cb4c4 testClass = CinemaApplicationTests, locations = '{}', classes = '{class ebooking.cinema.CinemaApplication}', contextInitializerClasses = '[]', activeProfiles = '{}', propertySourceLocations = '{}', propertySourceProperties = '{org.springframework.boot.test.context.SpringBootTestContextBootstrapper=true}', contextCustomizers = set[org.springframework.boot.test.autoconfigure.properties.PropertyMappingContextCustomizer@0, org.springframework.boot.test.autoconfigure.web.servlet.WebDriverContextCustomizerFactory$Customizer@74c70520, org.springframework.boot.test.context.filter.ExcludeFilterContextCustomizer@10ad9f9e, org.springframework.boot.test.json.DuplicateJsonObjectContextCustomizerFactory$DuplicateJsonObjectContextCustomizer@4daa060a, org.springframework.boot.test.mock.mockito.MockitoContextCustomizer@0, org.springframework.boot.test.web.client.TestRestTemplateContextCustomizer@4445b32a], resourceBasePath = 'src/main/webapp', contextLoader = 'org.springframework.boot.test.context.SpringBootContextLoader', parent = [null]], attributes = map['org.springframework.test.context.web.ServletTestExecutionListener.activateListener' -> true]], class annotated with @DirtiesContext [false] with mode [null].
14:38:52.837 [Test worker] DEBUG org.springframework.test.annotation.ProfileValueUtils - Retrieved @ProfileValueSourceConfiguration [null] for test class [ebooking.cinema.CinemaApplicationTests]
14:38:52.838 [Test worker] DEBUG org.springframework.test.annotation.ProfileValueUtils - Retrieved ProfileValueSource type [class org.springframework.test.annotation.SystemProfileValueSource] for class [ebooking.cinema.CinemaApplicationTests]
14:38:52.856 [Test worker] DEBUG org.springframework.test.context.support.TestPropertySourceUtils - Adding inlined properties to environment: {spring.jmx.enabled=false, org.springframework.boot.test.context.SpringBootTestContextBootstrapper=true, server.port=-1}

  .   ____          _            __ _ _
 /\\ / ___'_ __ _ _(_)_ __  __ _ \ \ \ \
( ( )\___ | '_ | '_| | '_ \/ _` | \ \ \ \
 \\/  ___)| |_)| | | | | || (_| |  ) ) ) )
  '  |____| .__|_| |_|_| |_\__, | / / / /
 =========|_|==============|___/=/_/_/_/
 :: Spring Boot ::        (v2.1.0.RELEASE)

2018-11-16 14:38:53.236  INFO 17694 --- [    Test worker] ebooking.cinema.CinemaApplicationTests   : Starting CinemaApplicationTests on Tripps-MacBook-Pro.local with PID 17694 (started by tripp in /Users/tripp/Documents/GitHub/Software-Engineering-Project)
2018-11-16 14:38:53.237  INFO 17694 --- [    Test worker] ebooking.cinema.CinemaApplicationTests   : No active profile set, falling back to default profiles: default
2018-11-16 14:38:55.009  INFO 17694 --- [    Test worker] o.s.s.concurrent.ThreadPoolTaskExecutor  : Initializing ExecutorService 'applicationTaskExecutor'
2018-11-16 14:38:55.254  INFO 17694 --- [    Test worker] o.s.b.a.w.s.WelcomePageHandlerMapping    : Adding welcome page template: index
2018-11-16 14:38:55.382  INFO 17694 --- [    Test worker] ebooking.cinema.CinemaApplicationTests   : Started CinemaApplicationTests in 2.516 seconds (JVM running for 3.758)
]]></system-out>
  <system-err><![CDATA[]]></system-err>
</testsuite>
