<?xml version="1.0" encoding="UTF-8"?>
<testsuite name="ebooking.cinema.CinemaApplicationTests" tests="1" skipped="0" failures="0" errors="0" timestamp="2018-11-10T03:05:36" hostname="Tripps-MacBook-Pro.local" time="0.28">
  <properties/>
  <testcase name="contextLoads" classname="ebooking.cinema.CinemaApplicationTests" time="0.28"/>
  <system-out><![CDATA[22:05:33.302 [Test worker] DEBUG org.springframework.test.context.junit4.SpringJUnit4ClassRunner - SpringJUnit4ClassRunner constructor called with [class ebooking.cinema.CinemaApplicationTests]
22:05:33.311 [Test worker] DEBUG org.springframework.test.context.BootstrapUtils - Instantiating CacheAwareContextLoaderDelegate from class [org.springframework.test.context.cache.DefaultCacheAwareContextLoaderDelegate]
22:05:33.321 [Test worker] DEBUG org.springframework.test.context.BootstrapUtils - Instantiating BootstrapContext using constructor [public org.springframework.test.context.support.DefaultBootstrapContext(java.lang.Class,org.springframework.test.context.CacheAwareContextLoaderDelegate)]
22:05:33.342 [Test worker] DEBUG org.springframework.test.context.BootstrapUtils - Instantiating TestContextBootstrapper for test class [ebooking.cinema.CinemaApplicationTests] from class [org.springframework.boot.test.context.SpringBootTestContextBootstrapper]
22:05:33.351 [Test worker] INFO org.springframework.boot.test.context.SpringBootTestContextBootstrapper - Neither @ContextConfiguration nor @ContextHierarchy found for test class [ebooking.cinema.CinemaApplicationTests], using SpringBootContextLoader
22:05:33.354 [Test worker] DEBUG org.springframework.test.context.support.AbstractContextLoader - Did not detect default resource location for test class [ebooking.cinema.CinemaApplicationTests]: class path resource [ebooking/cinema/CinemaApplicationTests-context.xml] does not exist
22:05:33.354 [Test worker] DEBUG org.springframework.test.context.support.AbstractContextLoader - Did not detect default resource location for test class [ebooking.cinema.CinemaApplicationTests]: class path resource [ebooking/cinema/CinemaApplicationTestsContext.groovy] does not exist
22:05:33.354 [Test worker] INFO org.springframework.test.context.support.AbstractContextLoader - Could not detect default resource locations for test class [ebooking.cinema.CinemaApplicationTests]: no resource found for suffixes {-context.xml, Context.groovy}.
22:05:33.355 [Test worker] INFO org.springframework.test.context.support.AnnotationConfigContextLoaderUtils - Could not detect default configuration classes for test class [ebooking.cinema.CinemaApplicationTests]: CinemaApplicationTests does not declare any static, non-private, non-final, nested classes annotated with @Configuration.
22:05:33.387 [Test worker] DEBUG org.springframework.test.context.support.ActiveProfilesUtils - Could not find an 'annotation declaring class' for annotation type [org.springframework.test.context.ActiveProfiles] and class [ebooking.cinema.CinemaApplicationTests]
22:05:33.475 [Test worker] DEBUG org.springframework.context.annotation.ClassPathScanningCandidateComponentProvider - Identified candidate component class: file [/Users/tripp/Documents/GitHub/Software-Engineering-Project/build/classes/java/main/ebooking/cinema/CinemaApplication.class]
22:05:33.493 [Test worker] INFO org.springframework.boot.test.context.SpringBootTestContextBootstrapper - Found @SpringBootConfiguration ebooking.cinema.CinemaApplication for test class ebooking.cinema.CinemaApplicationTests
22:05:33.600 [Test worker] DEBUG org.springframework.boot.test.context.SpringBootTestContextBootstrapper - @TestExecutionListeners is not present for class [ebooking.cinema.CinemaApplicationTests]: using defaults.
22:05:33.600 [Test worker] INFO org.springframework.boot.test.context.SpringBootTestContextBootstrapper - Loaded default TestExecutionListener class names from location [META-INF/spring.factories]: [org.springframework.boot.test.autoconfigure.restdocs.RestDocsTestExecutionListener, org.springframework.boot.test.autoconfigure.web.client.MockRestServiceServerResetTestExecutionListener, org.springframework.boot.test.autoconfigure.web.servlet.MockMvcPrintOnlyOnFailureTestExecutionListener, org.springframework.boot.test.autoconfigure.web.servlet.WebDriverTestExecutionListener, org.springframework.boot.test.mock.mockito.MockitoTestExecutionListener, org.springframework.boot.test.mock.mockito.ResetMocksTestExecutionListener, org.springframework.test.context.web.ServletTestExecutionListener, org.springframework.test.context.support.DirtiesContextBeforeModesTestExecutionListener, org.springframework.test.context.support.DependencyInjectionTestExecutionListener, org.springframework.test.context.support.DirtiesContextTestExecutionListener, org.springframework.test.context.transaction.TransactionalTestExecutionListener, org.springframework.test.context.jdbc.SqlScriptsTestExecutionListener]
22:05:33.609 [Test worker] DEBUG org.springframework.boot.test.context.SpringBootTestContextBootstrapper - Skipping candidate TestExecutionListener [org.springframework.test.context.transaction.TransactionalTestExecutionListener] due to a missing dependency. Specify custom listener classes or make the default listener classes and their required dependencies available. Offending class: [org/springframework/transaction/interceptor/TransactionAttributeSource]
22:05:33.609 [Test worker] DEBUG org.springframework.boot.test.context.SpringBootTestContextBootstrapper - Skipping candidate TestExecutionListener [org.springframework.test.context.jdbc.SqlScriptsTestExecutionListener] due to a missing dependency. Specify custom listener classes or make the default listener classes and their required dependencies available. Offending class: [org/springframework/transaction/interceptor/TransactionAttribute]
22:05:33.610 [Test worker] INFO org.springframework.boot.test.context.SpringBootTestContextBootstrapper - Using TestExecutionListeners: [org.springframework.test.context.web.ServletTestExecutionListener@64282c8c, org.springframework.test.context.support.DirtiesContextBeforeModesTestExecutionListener@7b2c8c4a, org.springframework.boot.test.mock.mockito.MockitoTestExecutionListener@332b75d1, org.springframework.boot.test.autoconfigure.SpringBootDependencyInjectionTestExecutionListener@62829368, org.springframework.test.context.support.DirtiesContextTestExecutionListener@47eb9ff8, org.springframework.boot.test.autoconfigure.restdocs.RestDocsTestExecutionListener@58ba0593, org.springframework.boot.test.autoconfigure.web.client.MockRestServiceServerResetTestExecutionListener@30d776a8, org.springframework.boot.test.autoconfigure.web.servlet.MockMvcPrintOnlyOnFailureTestExecutionListener@46b8aa09, org.springframework.boot.test.autoconfigure.web.servlet.WebDriverTestExecutionListener@5db7f979, org.springframework.boot.test.mock.mockito.ResetMocksTestExecutionListener@55a9e9c1]
22:05:33.612 [Test worker] DEBUG org.springframework.test.annotation.ProfileValueUtils - Retrieved @ProfileValueSourceConfiguration [null] for test class [ebooking.cinema.CinemaApplicationTests]
22:05:33.613 [Test worker] DEBUG org.springframework.test.annotation.ProfileValueUtils - Retrieved ProfileValueSource type [class org.springframework.test.annotation.SystemProfileValueSource] for class [ebooking.cinema.CinemaApplicationTests]
22:05:33.614 [Test worker] DEBUG org.springframework.test.annotation.ProfileValueUtils - Retrieved @ProfileValueSourceConfiguration [null] for test class [ebooking.cinema.CinemaApplicationTests]
22:05:33.614 [Test worker] DEBUG org.springframework.test.annotation.ProfileValueUtils - Retrieved ProfileValueSource type [class org.springframework.test.annotation.SystemProfileValueSource] for class [ebooking.cinema.CinemaApplicationTests]
22:05:33.617 [Test worker] DEBUG org.springframework.test.context.support.AbstractDirtiesContextTestExecutionListener - Before test class: context [DefaultTestContext@5f3247ba testClass = CinemaApplicationTests, testInstance = [null], testMethod = [null], testException = [null], mergedContextConfiguration = [WebMergedContextConfiguration@4a298681 testClass = CinemaApplicationTests, locations = '{}', classes = '{class ebooking.cinema.CinemaApplication}', contextInitializerClasses = '[]', activeProfiles = '{}', propertySourceLocations = '{}', propertySourceProperties = '{org.springframework.boot.test.context.SpringBootTestContextBootstrapper=true}', contextCustomizers = set[org.springframework.boot.test.autoconfigure.properties.PropertyMappingContextCustomizer@0, org.springframework.boot.test.autoconfigure.web.servlet.WebDriverContextCustomizerFactory$Customizer@21d11495, org.springframework.boot.test.context.filter.ExcludeFilterContextCustomizer@6f71c6b1, org.springframework.boot.test.json.DuplicateJsonObjectContextCustomizerFactory$DuplicateJsonObjectContextCustomizer@6a489627, org.springframework.boot.test.mock.mockito.MockitoContextCustomizer@0, org.springframework.boot.test.web.client.TestRestTemplateContextCustomizer@12b7c8e9], resourceBasePath = 'src/main/webapp', contextLoader = 'org.springframework.boot.test.context.SpringBootContextLoader', parent = [null]], attributes = map['org.springframework.test.context.web.ServletTestExecutionListener.activateListener' -> true]], class annotated with @DirtiesContext [false] with mode [null].
22:05:33.618 [Test worker] DEBUG org.springframework.test.annotation.ProfileValueUtils - Retrieved @ProfileValueSourceConfiguration [null] for test class [ebooking.cinema.CinemaApplicationTests]
22:05:33.618 [Test worker] DEBUG org.springframework.test.annotation.ProfileValueUtils - Retrieved ProfileValueSource type [class org.springframework.test.annotation.SystemProfileValueSource] for class [ebooking.cinema.CinemaApplicationTests]
22:05:33.641 [Test worker] DEBUG org.springframework.test.context.support.TestPropertySourceUtils - Adding inlined properties to environment: {spring.jmx.enabled=false, org.springframework.boot.test.context.SpringBootTestContextBootstrapper=true, server.port=-1}

  .   ____          _            __ _ _
 /\\ / ___'_ __ _ _(_)_ __  __ _ \ \ \ \
( ( )\___ | '_ | '_| | '_ \/ _` | \ \ \ \
 \\/  ___)| |_)| | | | | || (_| |  ) ) ) )
  '  |____| .__|_| |_|_| |_\__, | / / / /
 =========|_|==============|___/=/_/_/_/
 :: Spring Boot ::        (v2.1.0.RELEASE)

2018-11-09 22:05:34.222  INFO 1842 --- [    Test worker] ebooking.cinema.CinemaApplicationTests   : Starting CinemaApplicationTests on Tripps-MacBook-Pro.local with PID 1842 (started by tripp in /Users/tripp/Documents/GitHub/Software-Engineering-Project)
2018-11-09 22:05:34.224  INFO 1842 --- [    Test worker] ebooking.cinema.CinemaApplicationTests   : No active profile set, falling back to default profiles: default
2018-11-09 22:05:35.906  INFO 1842 --- [    Test worker] o.s.s.concurrent.ThreadPoolTaskExecutor  : Initializing ExecutorService 'applicationTaskExecutor'
2018-11-09 22:05:36.248  INFO 1842 --- [    Test worker] o.s.b.a.w.s.WelcomePageHandlerMapping    : Adding welcome page template: index
2018-11-09 22:05:36.493  INFO 1842 --- [    Test worker] ebooking.cinema.CinemaApplicationTests   : Started CinemaApplicationTests in 2.829 seconds (JVM running for 4.007)
]]></system-out>
  <system-err><![CDATA[]]></system-err>
</testsuite>
